This is pdfTeX, Version 3.141592653-2.6-1.40.28 (MiKTeX 25.12) (preloaded format=pdflatex 2026.1.11)  11 JAN 2026 18:58
entering extended mode
 restricted \write18 enabled.
 %&-line parsing enabled.
**D:/zalo/NGUYENTUANANH_SOICT_DATN_Application_VIE/Chuong/0_2_Loi_cam_on.tex
(D:/zalo/NGUYENTUANANH_SOICT_DATN_Application_VIE/Chuong/0_2_Loi_cam_on.tex
LaTeX2e <2025-11-01>
L3 programming layer <2025-12-24>
(D:\latex\tex/latex/subfiles\subfiles.cls
Document Class: subfiles 2020/11/14 v2.2 Multi-file projects (class)
Preamble taken from file `../DoAn.tex'
(D:\latex\tex/latex/import\import.sty
Package: import 2020/04/01  v 6.2
)

! LaTeX Error: File `../DoAn.tex' not found.

Type X to quit or <RETURN> to proceed,
or enter new name. (Default extension: tex)

Enter file name: 
! Emergency stop.
<read *> 
         
l.45 \input{\preamble@file}
                           ^^M
*** (cannot \read from terminal in nonstop modes)

 
Here is how much of TeX's memory you used:
 77 strings out of 467870
 1722 string characters out of 5435674
 433733 words of memory out of 5000000
 29046 multiletter control sequences out of 15000+600000
 627721 words of font info for 40 fonts, out of 8000000 for 9000
 1141 hyphenation exceptions out of 8191
 42i,0n,55p,229b,18s stack positions out of 10000i,1000n,20000p,200000b,200000s
!  ==> Fatal error occurred, no output PDF file produced!
