\BOOKMARK [0][-]{chapter.1}{\376\377\000G\000I\036\332\000I\000\040\000T\000H\000I\036\306\000U\000\040\001\020\036\300\000\040\000T\000\300\000I}{}% 1
\BOOKMARK [1][-]{section.1.1}{\376\377\001\020\036\267\000t\000\040\000v\036\245\000n\000\040\001\021\036\301}{chapter.1}% 2
\BOOKMARK [1][-]{section.1.2}{\376\377\000M\036\345\000c\000\040\000t\000i\000\352\000u\000\040\000v\000\340\000\040\000p\000h\036\241\000m\000\040\000v\000i\000\040\001\021\036\301\000\040\000t\000\340\000i}{chapter.1}% 3
\BOOKMARK [1][-]{section.1.3}{\376\377\001\020\036\313\000n\000h\000\040\000h\001\260\036\333\000n\000g\000\040\000g\000i\036\243\000i\000\040\000p\000h\000\341\000p}{chapter.1}% 4
\BOOKMARK [1][-]{section.1.4}{\376\377\000B\036\321\000\040\000c\036\345\000c\000\040\001\021\036\323\000\040\000\341\000n}{chapter.1}% 5
\BOOKMARK [0][-]{chapter.2}{\376\377\000X\000\302\000Y\000\040\000D\036\360\000N\000G\000\040\000K\036\276\000\040\000H\000O\036\240\000C\000H\000\040\000K\000I\036\302\000M\000\040\000T\000H\036\354}{}% 6
\BOOKMARK [1][-]{section.2.1}{\376\377\000T\036\325\000\040\000c\000h\036\351\000c\000\040\000O\000W\000A\000S\000P}{chapter.2}% 7
\BOOKMARK [1][-]{section.2.2}{\376\377\000Q\000u\000y\000\040\000t\000r\000\354\000n\000h\000\040\000k\000i\036\303\000m\000\040\000t\000h\036\355\000\040\000b\036\243\000o\000\040\000m\036\255\000t\000\040\036\351\000n\000g\000\040\000d\036\345\000n\000g\000\040\000w\000e\000b\000\040\000c\036\347\000a\000\040\000O\000W\000A\000S\000P}{chapter.2}% 8
\BOOKMARK [2][-]{subsection.2.2.1}{\376\377\000M\000\364\000\040\000h\000\354\000n\000h\000\040\000k\000i\036\303\000m\000\040\000t\000h\036\355}{section.2.2}% 9
\BOOKMARK [2][-]{subsection.2.2.2}{\376\377\000Q\000u\000\341\000\040\000t\000r\000\354\000n\000h\000\040\000k\000i\036\303\000m\000\040\000t\000h\036\355}{section.2.2}% 10
\BOOKMARK [2][-]{subsection.2.2.3}{\376\377\000C\000\341\000c\000\040\000g\000i\000a\000i\000\040\001\021\000o\036\241\000n\000\040\000k\000i\036\303\000m\000\040\000t\000h\036\355}{section.2.2}% 11
\BOOKMARK [1][-]{section.2.3}{\376\377\000K\036\277\000\040\000h\000o\036\241\000c\000h\000\040\000k\000i\036\303\000m\000\040\000t\000h\036\355}{chapter.2}% 12
\BOOKMARK [1][-]{section.2.4}{\376\377\000G\000i\036\333\000i\000\040\000t\000h\000i\036\307\000u\000\040\000c\000\341\000c\000\040\000c\000\364\000n\000g\000\040\000c\036\345\000\040\000h\036\327\000\040\000t\000r\036\343\000\040\000c\000h\000o\000\040\000t\000h\000u\000\040\000t\000h\036\255\000p\000\040\000t\000h\000\364\000n\000g\000\040\000t\000i\000n\000\040\000h\036\307\000\040\000t\000h\036\321\000n\000g}{chapter.2}% 13
\BOOKMARK [1][-]{section.2.5}{\376\377\000G\000i\036\333\000i\000\040\000t\000h\000i\036\307\000u\000\040\000c\000\341\000c\000\040\000c\000\364\000n\000g\000\040\000c\036\345\000\040\000k\000i\036\303\000m\000\040\000t\000h\036\355}{chapter.2}% 14
\BOOKMARK [2][-]{subsection.2.5.1}{\376\377\000B\000u\000r\000p\000\040\000S\000u\000i\000t\000e}{section.2.5}% 15
\BOOKMARK [2][-]{subsection.2.5.2}{\376\377\000S\000Q\000L\000m\000a\000p}{section.2.5}% 16
\BOOKMARK [0][-]{chapter.3}{\376\377\000K\000I\036\302\000M\000\040\000T\000H\036\354\000\040\000H\036\306\000\040\000T\000H\036\320\000N\000G}{}% 17
\BOOKMARK [1][-]{section.3.1}{\376\377\000T\000h\000u\000\040\000t\000h\036\255\000p\000\040\000t\000h\000\364\000n\000g\000\040\000t\000i\000n\000\040\000h\036\307\000\040\000t\000h\036\321\000n\000g}{chapter.3}% 18
\BOOKMARK [2][-]{subsection.3.1.1}{\376\377\000K\000h\036\243\000o\000\040\000s\000\341\000t\000\040\000h\036\307\000\040\000t\000h\036\321\000n\000g}{section.3.1}% 19
\BOOKMARK [2][-]{subsection.3.1.2}{\376\377\000S\001\241\000\040\001\021\036\323\000\040\000c\000h\036\351\000c\000\040\000n\001\003\000n\000g\000\040\000t\000r\000a\000n\000g\000\040\000w\000e\000b}{section.3.1}% 20
\BOOKMARK [1][-]{section.3.2}{\376\377\000K\000i\036\303\000m\000\040\000t\000h\036\355\000\040\000c\036\245\000u\000\040\000h\000\354\000n\000h\000\040\000v\000\340\000\040\000t\000r\000i\036\303\000n\000\040\000k\000h\000a\000i}{chapter.3}% 21
\BOOKMARK [1][-]{section.3.3}{\376\377\000K\000i\036\303\000m\000\040\000t\000h\036\355\000\040\000q\000u\036\243\000n\000\040\000l\000\375\000\040\001\021\036\313\000n\000h\000\040\000d\000a\000n\000h}{chapter.3}% 22
\BOOKMARK [1][-]{section.3.4}{\376\377\000K\000i\036\303\000m\000\040\000t\000h\036\355\000\040\000x\000\341\000c\000\040\000t\000h\036\361\000c}{chapter.3}% 23
\BOOKMARK [1][-]{section.3.5}{\376\377\000K\000i\036\303\000m\000\040\000t\000h\036\355\000\040\000p\000h\000\342\000n\000\040\000q\000u\000y\036\301\000n}{chapter.3}% 24
\BOOKMARK [1][-]{section.3.6}{\376\377\000K\000i\036\303\000m\000\040\000t\000h\036\355\000\040\000q\000u\036\243\000n\000\040\000l\000\375\000\040\000p\000h\000i\000\352\000n}{chapter.3}% 25
\BOOKMARK [1][-]{section.3.7}{\376\377\000K\000i\036\303\000m\000\040\000t\000h\036\355\000\040\000x\000\341\000c\000\040\000t\000h\036\361\000c\000\040\001\021\036\247\000u\000\040\000v\000\340\000o}{chapter.3}% 26
\BOOKMARK [1][-]{section.3.8}{\376\377\000K\000i\036\303\000m\000\040\000t\000h\036\355\000\040\000x\036\355\000\040\000l\000\375\000\040\000l\036\327\000i}{chapter.3}% 27
\BOOKMARK [1][-]{section.3.9}{\376\377\000K\000i\036\303\000m\000\040\000t\000h\036\355\000\040\000m\036\255\000t\000\040\000m\000\343\000\040\000y\036\277\000u}{chapter.3}% 28
\BOOKMARK [1][-]{section.3.10}{\376\377\000K\000i\036\303\000m\000\040\000t\000h\036\355\000\040\000p\000h\000\355\000a\000\040\000m\000\341\000y\000\040\000n\000g\001\260\036\335\000i\000\040\000d\000\371\000n\000g}{chapter.3}% 29
\BOOKMARK [0][-]{chapter.4}{\376\377\000C\000\301\000C\000\040\001\020\000\323\000N\000G\000\040\000G\000\323\000P\000\040\000N\036\324\000I\000\040\000B\036\254\000T}{}% 30
\BOOKMARK [1][-]{section.4.1}{\376\377\000T\036\325\000n\000g\000\040\000q\000u\000a\000n\000\040}{chapter.4}% 31
\BOOKMARK [1][-]{section.4.2}{\376\377\000L\036\327\000\040\000h\036\325\000n\000g\000\040\000l\001\260\000u\000\040\000t\000r\036\357\000\040\000d\036\357\000\040\000l\000i\036\307\000u\000\040\000n\000h\036\241\000y\000\040\000c\036\243\000m\000\040\000t\000r\000o\000n\000g\000\040\000l\036\313\000c\000h\000\040\000s\036\355\000\040\000t\000r\000\354\000n\000h\000\040\000d\000u\000y\036\307\000t\000\040\000s\000a\000u\000\040\000k\000h\000i\000\040\001\021\001\003\000n\000g\000\040\000x\000u\036\245\000t}{chapter.4}% 32
\BOOKMARK [2][-]{subsection.4.2.1}{\376\377\000M\036\351\000c\000\040\001\021\036\331\000:\000\040\000T\000r\000u\000n\000g\000\040\000b\000\354\000n\000h}{section.4.2}% 33
\BOOKMARK [2][-]{subsection.4.2.2}{\376\377\001\020\000i\036\303\000m\000\040\000C\000V\000S\000S\000:\000\040\0003\000.\0002\000\040\000\050\000C\000V\000S\000S\000:\0003\000.\0001\000/\000A\000V\000:\000N\000/\000A\000C\000:\000H\000/\000P\000R\000:\000L\000/\000U\000I\000:\000N\000/\000S\000:\000U\000/\000C\000:\000L\000/\000I\000:\000H\000/\000A\000:\000N\000\051}{section.4.2}% 34
\BOOKMARK [2][-]{subsection.4.2.3}{\376\377\000M\000\364\000\040\000t\036\243\000:}{section.4.2}% 35
\BOOKMARK [2][-]{subsection.4.2.4}{\376\377\000T\000\341\000c\000\040\001\021\036\331\000n\000g\000:}{section.4.2}% 36
\BOOKMARK [2][-]{subsection.4.2.5}{\376\377\000T\000\341\000i\000\040\000h\000i\036\307\000n\000:}{section.4.2}% 37
\BOOKMARK [2][-]{subsection.4.2.6}{\376\377\000B\000i\036\307\000n\000\040\000p\000h\000\341\000p\000\040\000k\000h\036\257\000c\000\040\000p\000h\036\345\000c\000:}{section.4.2}% 38
\BOOKMARK [2][-]{subsection.4.2.7}{\376\377\000T\000h\000a\000m\000\040\000c\000h\000i\036\277\000u\000:}{section.4.2}% 39
\BOOKMARK [1][-]{section.4.3}{\376\377\000C\000h\000\355\000n\000h\000\040\000s\000\341\000c\000h\000\040\000m\036\255\000t\000\040\000k\000h\036\251\000u\000\040\000y\036\277\000u}{chapter.4}% 40
\BOOKMARK [2][-]{subsection.4.3.1}{\376\377\000M\036\351\000c\000\040\001\021\036\331\000:\000\040\000T\000h\036\245\000p}{section.4.3}% 41
\BOOKMARK [2][-]{subsection.4.3.2}{\376\377\001\020\000i\036\303\000m\000\040\000C\000V\000S\000S\000:\000\040\0003\000.\0001\0000\000\040\000\050\000C\000V\000S\000S\000:\0003\000.\0001\000/\000A\000V\000:\000N\000/\000A\000C\000:\000H\000/\000P\000R\000:\000H\000/\000U\000I\000:\000R\000/\000S\000:\000U\000/\000C\000:\000L\000/\000I\000:\000L\000/\000A\000:\000N\000\051}{section.4.3}% 42
\BOOKMARK [2][-]{subsection.4.3.3}{\376\377\000M\000\364\000\040\000t\036\243\000:}{section.4.3}% 43
\BOOKMARK [2][-]{subsection.4.3.4}{\376\377\000T\000\341\000c\000\040\001\021\036\331\000n\000g\000:}{section.4.3}% 44
\BOOKMARK [2][-]{subsection.4.3.5}{\376\377\000T\000\341\000i\000\040\000h\000i\036\307\000n\000:}{section.4.3}% 45
\BOOKMARK [2][-]{subsection.4.3.6}{\376\377\000V\036\313\000\040\000t\000r\000\355\000:}{section.4.3}% 46
\BOOKMARK [2][-]{subsection.4.3.7}{\376\377\000P\000h\001\260\001\241\000n\000g\000\040\000\341\000n\000\040\000k\000h\036\257\000c\000\040\000p\000h\036\345\000c\000:}{section.4.3}% 47
\BOOKMARK [2][-]{subsection.4.3.8}{\376\377\000T\000h\000a\000m\000\040\000c\000h\000i\036\277\000u\000:}{section.4.3}% 48
\BOOKMARK [1][-]{section.4.4}{\376\377\000L\036\327\000\040\000h\036\325\000n\000g\000\040\000I\000n\000s\000e\000c\000u\000r\000e\000\040\000D\000i\000r\000e\000c\000t\000\040\000O\000b\000j\000e\000c\000t\000\040\000R\000e\000f\000e\000r\000e\000n\000c\000e\000s\000\040\000\050\000I\000D\000O\000R\000\051}{chapter.4}% 49
\BOOKMARK [2][-]{subsection.4.4.1}{\376\377\000M\036\351\000c\000\040\001\021\036\331\000:\000\040\000C\000a\000o}{section.4.4}% 50
\BOOKMARK [2][-]{subsection.4.4.2}{\376\377\001\020\000i\036\303\000m\000\040\000C\000V\000S\000S\000:\000\040\0007\000.\0001\000\040\000\050\000C\000V\000S\000S\000:\0003\000.\0001\000/\000A\000V\000:\000N\000/\000A\000C\000:\000L\000/\000P\000R\000:\000L\000/\000U\000I\000:\000N\000/\000S\000:\000U\000/\000C\000:\000L\000/\000I\000:\000H\000/\000A\000:\000N\000\051}{section.4.4}% 51
\BOOKMARK [2][-]{subsection.4.4.3}{\376\377\000M\000\364\000\040\000t\036\243\000:}{section.4.4}% 52
\BOOKMARK [2][-]{subsection.4.4.4}{\376\377\000T\000\341\000c\000\040\001\021\036\331\000n\000g\000:}{section.4.4}% 53
\BOOKMARK [2][-]{subsection.4.4.5}{\376\377\000T\000\341\000i\000\040\000h\000i\036\307\000n\000:}{section.4.4}% 54
\BOOKMARK [2][-]{subsection.4.4.6}{\376\377\000V\036\313\000\040\000t\000r\000\355\000:}{section.4.4}% 55
\BOOKMARK [2][-]{subsection.4.4.7}{\376\377\000P\000h\001\260\001\241\000n\000g\000\040\000\341\000n\000\040\000k\000h\036\257\000c\000\040\000p\000h\036\345\000c\000:}{section.4.4}% 56
\BOOKMARK [1][-]{section.4.5}{\376\377\000C\000o\000o\000k\000i\000e\000\040\000k\000h\000\364\000n\000g\000\040\001\021\001\260\036\343\000c\000\040\000c\036\245\000u\000\040\000h\000\354\000n\000h\000\040\000t\000h\000u\036\331\000c\000\040\000t\000\355\000n\000h\000\040\000H\000t\000t\000p\000O\000n\000l\000y}{chapter.4}% 57
\BOOKMARK [2][-]{subsection.4.5.1}{\376\377\000M\036\351\000c\000\040\001\021\036\331\000:\000\040\000T\000h\036\245\000p}{section.4.5}% 58
\BOOKMARK [2][-]{subsection.4.5.2}{\376\377\001\020\000i\036\303\000m\000\040\000C\000V\000S\000S\000:\000\040\0002\000.\0002\0000\000\040\000\050\000C\000V\000S\000S\000:\0003\000.\0001\000/\000A\000V\000:\000N\000/\000A\000C\000:\000H\000/\000P\000R\000:\000H\000/\000U\000I\000:\000N\000/\000S\000:\000U\000/\000C\000:\000L\000/\000I\000:\000N\000/\000A\000:\000N\000\051}{section.4.5}% 59
\BOOKMARK [2][-]{subsection.4.5.3}{\376\377\000M\000\364\000\040\000t\036\243\000:}{section.4.5}% 60
\BOOKMARK [2][-]{subsection.4.5.4}{\376\377\000T\000\341\000c\000\040\001\021\036\331\000n\000g\000:}{section.4.5}% 61
\BOOKMARK [2][-]{subsection.4.5.5}{\376\377\000T\000\341\000i\000\040\000h\000i\036\307\000n\000:}{section.4.5}% 62
\BOOKMARK [2][-]{subsection.4.5.6}{\376\377\000V\036\313\000\040\000t\000r\000\355\000:}{section.4.5}% 63
\BOOKMARK [2][-]{subsection.4.5.7}{\376\377\000P\000h\001\260\001\241\000n\000g\000\040\000\341\000n\000\040\000k\000h\036\257\000c\000\040\000p\000h\036\345\000c\000:}{section.4.5}% 64
\BOOKMARK [1][-]{section.4.6}{\376\377\000L\036\327\000\040\000h\036\325\000n\000g\000\040\000S\000t\000o\000r\000e\000d\000\040\000X\000S\000S\000\040\000\050\000C\000r\000o\000s\000s\000-\000S\000i\000t\000e\000\040\000S\000c\000r\000i\000p\000t\000i\000n\000g\000\051}{chapter.4}% 65
\BOOKMARK [2][-]{subsection.4.6.1}{\376\377\000M\036\351\000c\000\040\001\021\036\331\000:\000\040\000C\000a\000o}{section.4.6}% 66
\BOOKMARK [2][-]{subsection.4.6.2}{\376\377\001\020\000i\036\303\000m\000\040\000C\000V\000S\000S\000:\000\040\0008\000.\0002\0000\000\040\000\050\000C\000V\000S\000S\000:\0003\000.\0001\000/\000A\000V\000:\000N\000/\000A\000C\000:\000L\000/\000P\000R\000:\000N\000/\000U\000I\000:\000N\000/\000S\000:\000U\000/\000C\000:\000H\000/\000I\000:\000L\000/\000A\000:\000N\000\051}{section.4.6}% 67
\BOOKMARK [2][-]{subsection.4.6.3}{\376\377\000M\000\364\000\040\000t\036\243\000:}{section.4.6}% 68
\BOOKMARK [2][-]{subsection.4.6.4}{\376\377\000T\000\341\000c\000\040\001\021\036\331\000n\000g\000:}{section.4.6}% 69
\BOOKMARK [2][-]{subsection.4.6.5}{\376\377\000T\000\341\000i\000\040\000h\000i\036\307\000n\000:}{section.4.6}% 70
\BOOKMARK [1][-]{section.4.7}{\376\377\000L\036\327\000\040\000h\036\325\000n\000g\000\040\000S\000Q\000L\000\040\000I\000n\000j\000e\000c\000t\000i\000o\000n}{chapter.4}% 71
\BOOKMARK [2][-]{subsection.4.7.1}{\376\377\000M\036\351\000c\000\040\001\021\036\331\000:}{section.4.7}% 72
\BOOKMARK [2][-]{subsection.4.7.2}{\376\377\001\020\000i\036\303\000m\000\040\000C\000V\000S\000S\000:}{section.4.7}% 73
\BOOKMARK [2][-]{subsection.4.7.3}{\376\377\000M\000\364\000\040\000t\036\243\000:}{section.4.7}% 74
\BOOKMARK [2][-]{subsection.4.7.4}{\376\377\000T\000\341\000c\000\040\001\021\036\331\000n\000g\000:}{section.4.7}% 75
\BOOKMARK [2][-]{subsection.4.7.5}{\376\377\000T\000\341\000i\000\040\000h\000i\036\307\000n\000:}{section.4.7}% 76
\BOOKMARK [2][-]{subsection.4.7.6}{\376\377\000V\036\313\000\040\000t\000r\000\355\000:}{section.4.7}% 77
\BOOKMARK [2][-]{subsection.4.7.7}{\376\377\000P\000h\001\260\001\241\000n\000g\000\040\000\341\000n\000\040\000k\000h\036\257\000c\000\040\000p\000h\036\345\000c\000:}{section.4.7}% 78
\BOOKMARK [1][-]{section.4.8}{\376\377\000L\036\327\000\040\000h\036\325\000n\000g\000\040\000H\000T\000T\000P\000\040\000R\000e\000q\000u\000e\000s\000t\000\040\000s\000m\000u\000g\000g\000l\000i\000n\000g}{chapter.4}% 79
\BOOKMARK [2][-]{subsection.4.8.1}{\376\377\000M\036\351\000c\000\040\001\021\036\331\000:}{section.4.8}% 80
\BOOKMARK [2][-]{subsection.4.8.2}{\376\377\001\020\000i\036\303\000m\000\040\000C\000V\000S\000S\000:}{section.4.8}% 81
\BOOKMARK [2][-]{subsection.4.8.3}{\376\377\000M\000\364\000\040\000t\036\243\000:}{section.4.8}% 82
\BOOKMARK [2][-]{subsection.4.8.4}{\376\377\000T\000\341\000c\000\040\001\021\036\331\000n\000g\000:}{section.4.8}% 83
\BOOKMARK [2][-]{subsection.4.8.5}{\376\377\000T\000\341\000i\000\040\000h\000i\036\307\000n\000:}{section.4.8}% 84
\BOOKMARK [2][-]{subsection.4.8.6}{\376\377\000V\036\313\000\040\000t\000r\000\355\000:}{section.4.8}% 85
\BOOKMARK [2][-]{subsection.4.8.7}{\376\377\000P\000h\001\260\001\241\000n\000g\000\040\000\341\000n\000\040\000k\000h\036\257\000c\000\040\000p\000h\036\345\000c\000:}{section.4.8}% 86
\BOOKMARK [1][-]{section.4.9}{\376\377\000H\036\327\000\040\000t\000r\036\343\000\040\000t\000h\000u\036\255\000t\000\040\000t\000o\000\341\000n\000\040\000m\000\343\000\040\000h\000\363\000a\000\040\000y\036\277\000u\000\040\000t\000r\000o\000n\000g\000\040\000T\000L\000S\000\040\0001\000.\0002}{chapter.4}% 87
\BOOKMARK [2][-]{subsection.4.9.1}{\376\377\000M\036\351\000c\000\040\001\021\036\331\000:}{section.4.9}% 88
\BOOKMARK [2][-]{subsection.4.9.2}{\376\377\001\020\000i\036\303\000m\000\040\000C\000V\000S\000S\000:}{section.4.9}% 89
\BOOKMARK [2][-]{subsection.4.9.3}{\376\377\000M\000\364\000\040\000t\036\243\000:}{section.4.9}% 90
\BOOKMARK [2][-]{subsection.4.9.4}{\376\377\000T\000\341\000c\000\040\001\021\036\331\000n\000g\000:}{section.4.9}% 91
\BOOKMARK [2][-]{subsection.4.9.5}{\376\377\000T\000\341\000i\000\040\000h\000i\036\307\000n\000:}{section.4.9}% 92
\BOOKMARK [2][-]{subsection.4.9.6}{\376\377\000V\036\313\000\040\000t\000r\000\355\000:}{section.4.9}% 93
\BOOKMARK [2][-]{subsection.4.9.7}{\376\377\000P\000h\001\260\001\241\000n\000g\000\040\000\341\000n\000\040\000k\000h\036\257\000c\000\040\000p\000h\036\345\000c\000:}{section.4.9}% 94
\BOOKMARK [2][-]{subsection.4.9.8}{\376\377\000T\000h\000a\000m\000\040\000c\000h\000i\036\277\000u\000:}{section.4.9}% 95
\BOOKMARK [0][-]{chapter.5}{\376\377\000K\036\276\000T\000\040\000L\000U\036\254\000N\000\040\000V\000\300\000\040\000H\001\257\036\332\000N\000G\000\040\000P\000H\000\301\000T\000\040\000T\000R\000I\036\302\000N}{}% 96
\BOOKMARK [0][-]{section*.38}{\376\377\000T\000\300\000I\000\040\000L\000I\036\306\000U\000\040\000T\000H\000A\000M\000\040\000K\000H\036\242\000O}{}% 97
\BOOKMARK [0][-]{section*.39}{\376\377\000P\000H\036\344\000\040\000L\036\344\000C}{}% 98
\BOOKMARK [0][-]{appendix.1.A}{\376\377\000M\036\344\000C\000\040\001\020\000\315\000C\000H\000\040\000C\036\346\000A\000\040\000C\000\301\000C\000\040\000N\036\330\000I\000\040\000D\000U\000N\000G\000\040\000K\000I\036\302\000M\000\040\000T\000H\036\354\000\040\000T\000H\000E\000O\000\040\000T\036\352\000N\000G\000\040\000D\000A\000N\000H\000\040\000M\036\344\000C}{}% 99
\BOOKMARK [0][-]{appendix.1.B}{\376\377\001\020\036\266\000C\000\040\000T\036\242\000\040\000U\000S\000E\000\040\000C\000A\000S\000E}{}% 100
\BOOKMARK [1][-]{section.1.B.1}{\376\377\001\020\036\267\000c\000\040\000t\036\243\000\040\000u\000s\000e\000\040\000c\000a\000s\000e\000\040\000`\000`\000T\000h\036\321\000n\000g\000\040\000k\000\352\000\040\000t\000\354\000n\000h\000\040\000h\000\354\000n\000h\000\040\000m\001\260\036\343\000n\000\040\000s\000\341\000c\000h\000'\000'}{appendix.1.B}% 101
\BOOKMARK [1][-]{section.1.B.2}{\376\377\001\020\036\267\000c\000\040\000t\036\243\000\040\000u\000s\000e\000\040\000c\000a\000s\000e\000\040\000`\000`\001\020\001\003\000n\000g\000\040\000k\000\375\000\040\000l\000\340\000m\000\040\000t\000h\036\273\000\040\000m\001\260\036\343\000n\000'\000'}{appendix.1.B}% 102
