\BOOKMARK [1][-]{section.0.1}{\376\377\000T\036\325\000n\000g\000\040\000q\000u\000a\000n\000\040}{}% 1
\BOOKMARK [1][-]{section.0.2}{\376\377\000L\036\327\000\040\000h\036\325\000n\000g\000\040\000l\001\260\000u\000\040\000t\000r\036\357\000\040\000d\036\357\000\040\000l\000i\036\307\000u\000\040\000n\000h\036\241\000y\000\040\000c\036\243\000m\000\040\000t\000r\000o\000n\000g\000\040\000l\036\313\000c\000h\000\040\000s\036\355\000\040\000t\000r\000\354\000n\000h\000\040\000d\000u\000y\036\307\000t\000\040\000s\000a\000u\000\040\000k\000h\000i\000\040\001\021\001\003\000n\000g\000\040\000x\000u\036\245\000t}{}% 2
\BOOKMARK [2][-]{subsection.0.2.1}{\376\377\000M\036\351\000c\000\040\001\021\036\331\000:\000\040\000T\000r\000u\000n\000g\000\040\000b\000\354\000n\000h}{section.0.2}% 3
\BOOKMARK [2][-]{subsection.0.2.2}{\376\377\001\020\000i\036\303\000m\000\040\000C\000V\000S\000S\000:\000\040\0003\000.\0002\000\040\000\050\000C\000V\000S\000S\000:\0003\000.\0001\000/\000A\000V\000:\000N\000/\000A\000C\000:\000H\000/\000P\000R\000:\000L\000/\000U\000I\000:\000N\000/\000S\000:\000U\000/\000C\000:\000L\000/\000I\000:\000H\000/\000A\000:\000N\000\051}{section.0.2}% 4
\BOOKMARK [2][-]{subsection.0.2.3}{\376\377\000M\000\364\000\040\000t\036\243\000:}{section.0.2}% 5
\BOOKMARK [2][-]{subsection.0.2.4}{\376\377\000T\000\341\000c\000\040\001\021\036\331\000n\000g\000:}{section.0.2}% 6
\BOOKMARK [2][-]{subsection.0.2.5}{\376\377\000T\000\341\000i\000\040\000h\000i\036\307\000n\000:}{section.0.2}% 7
\BOOKMARK [2][-]{subsection.0.2.6}{\376\377\000B\000i\036\307\000n\000\040\000p\000h\000\341\000p\000\040\000k\000h\036\257\000c\000\040\000p\000h\036\345\000c\000:}{section.0.2}% 8
\BOOKMARK [2][-]{subsection.0.2.7}{\376\377\000T\000h\000a\000m\000\040\000c\000h\000i\036\277\000u\000:}{section.0.2}% 9
\BOOKMARK [1][-]{section.0.3}{\376\377\000C\000h\000\355\000n\000h\000\040\000s\000\341\000c\000h\000\040\000m\036\255\000t\000\040\000k\000h\036\251\000u\000\040\000y\036\277\000u}{}% 10
\BOOKMARK [2][-]{subsection.0.3.1}{\376\377\000M\036\351\000c\000\040\001\021\036\331\000:\000\040\000T\000h\036\245\000p}{section.0.3}% 11
\BOOKMARK [2][-]{subsection.0.3.2}{\376\377\001\020\000i\036\303\000m\000\040\000C\000V\000S\000S\000:\000\040\0003\000.\0001\0000\000\040\000\050\000C\000V\000S\000S\000:\0003\000.\0001\000/\000A\000V\000:\000N\000/\000A\000C\000:\000H\000/\000P\000R\000:\000H\000/\000U\000I\000:\000R\000/\000S\000:\000U\000/\000C\000:\000L\000/\000I\000:\000L\000/\000A\000:\000N\000\051}{section.0.3}% 12
\BOOKMARK [2][-]{subsection.0.3.3}{\376\377\000M\000\364\000\040\000t\036\243\000:}{section.0.3}% 13
\BOOKMARK [2][-]{subsection.0.3.4}{\376\377\000T\000\341\000c\000\040\001\021\036\331\000n\000g\000:}{section.0.3}% 14
\BOOKMARK [2][-]{subsection.0.3.5}{\376\377\000T\000\341\000i\000\040\000h\000i\036\307\000n\000:}{section.0.3}% 15
\BOOKMARK [2][-]{subsection.0.3.6}{\376\377\000V\036\313\000\040\000t\000r\000\355\000:}{section.0.3}% 16
\BOOKMARK [2][-]{subsection.0.3.7}{\376\377\000P\000h\001\260\001\241\000n\000g\000\040\000\341\000n\000\040\000k\000h\036\257\000c\000\040\000p\000h\036\345\000c\000:}{section.0.3}% 17
\BOOKMARK [2][-]{subsection.0.3.8}{\376\377\000T\000h\000a\000m\000\040\000c\000h\000i\036\277\000u\000:}{section.0.3}% 18
\BOOKMARK [1][-]{section.0.4}{\376\377\000L\036\327\000\040\000h\036\325\000n\000g\000\040\000I\000n\000s\000e\000c\000u\000r\000e\000\040\000D\000i\000r\000e\000c\000t\000\040\000O\000b\000j\000e\000c\000t\000\040\000R\000e\000f\000e\000r\000e\000n\000c\000e\000s\000\040\000\050\000I\000D\000O\000R\000\051}{}% 19
\BOOKMARK [2][-]{subsection.0.4.1}{\376\377\000M\036\351\000c\000\040\001\021\036\331\000:\000\040\000C\000a\000o}{section.0.4}% 20
\BOOKMARK [2][-]{subsection.0.4.2}{\376\377\001\020\000i\036\303\000m\000\040\000C\000V\000S\000S\000:\000\040\0007\000.\0001\000\040\000\050\000C\000V\000S\000S\000:\0003\000.\0001\000/\000A\000V\000:\000N\000/\000A\000C\000:\000L\000/\000P\000R\000:\000L\000/\000U\000I\000:\000N\000/\000S\000:\000U\000/\000C\000:\000L\000/\000I\000:\000H\000/\000A\000:\000N\000\051}{section.0.4}% 21
\BOOKMARK [2][-]{subsection.0.4.3}{\376\377\000M\000\364\000\040\000t\036\243\000:}{section.0.4}% 22
\BOOKMARK [2][-]{subsection.0.4.4}{\376\377\000T\000\341\000c\000\040\001\021\036\331\000n\000g\000:}{section.0.4}% 23
\BOOKMARK [2][-]{subsection.0.4.5}{\376\377\000T\000\341\000i\000\040\000h\000i\036\307\000n\000:}{section.0.4}% 24
\BOOKMARK [2][-]{subsection.0.4.6}{\376\377\000V\036\313\000\040\000t\000r\000\355\000:}{section.0.4}% 25
\BOOKMARK [2][-]{subsection.0.4.7}{\376\377\000P\000h\001\260\001\241\000n\000g\000\040\000\341\000n\000\040\000k\000h\036\257\000c\000\040\000p\000h\036\345\000c\000:}{section.0.4}% 26
\BOOKMARK [1][-]{section.0.5}{\376\377\000C\000o\000o\000k\000i\000e\000\040\000k\000h\000\364\000n\000g\000\040\001\021\001\260\036\343\000c\000\040\000c\036\245\000u\000\040\000h\000\354\000n\000h\000\040\000t\000h\000u\036\331\000c\000\040\000t\000\355\000n\000h\000\040\000H\000t\000t\000p\000O\000n\000l\000y}{}% 27
\BOOKMARK [2][-]{subsection.0.5.1}{\376\377\000M\036\351\000c\000\040\001\021\036\331\000:\000\040\000T\000h\036\245\000p}{section.0.5}% 28
\BOOKMARK [2][-]{subsection.0.5.2}{\376\377\001\020\000i\036\303\000m\000\040\000C\000V\000S\000S\000:\000\040\0002\000.\0002\0000\000\040\000\050\000C\000V\000S\000S\000:\0003\000.\0001\000/\000A\000V\000:\000N\000/\000A\000C\000:\000H\000/\000P\000R\000:\000H\000/\000U\000I\000:\000N\000/\000S\000:\000U\000/\000C\000:\000L\000/\000I\000:\000N\000/\000A\000:\000N\000\051}{section.0.5}% 29
\BOOKMARK [2][-]{subsection.0.5.3}{\376\377\000M\000\364\000\040\000t\036\243\000:}{section.0.5}% 30
\BOOKMARK [2][-]{subsection.0.5.4}{\376\377\000T\000\341\000c\000\040\001\021\036\331\000n\000g\000:}{section.0.5}% 31
\BOOKMARK [2][-]{subsection.0.5.5}{\376\377\000T\000\341\000i\000\040\000h\000i\036\307\000n\000:}{section.0.5}% 32
\BOOKMARK [2][-]{subsection.0.5.6}{\376\377\000V\036\313\000\040\000t\000r\000\355\000:}{section.0.5}% 33
\BOOKMARK [2][-]{subsection.0.5.7}{\376\377\000P\000h\001\260\001\241\000n\000g\000\040\000\341\000n\000\040\000k\000h\036\257\000c\000\040\000p\000h\036\345\000c\000:}{section.0.5}% 34
\BOOKMARK [1][-]{section.0.6}{\376\377\000L\036\327\000\040\000h\036\325\000n\000g\000\040\000S\000t\000o\000r\000e\000d\000\040\000X\000S\000S\000\040\000\050\000C\000r\000o\000s\000s\000-\000S\000i\000t\000e\000\040\000S\000c\000r\000i\000p\000t\000i\000n\000g\000\051}{}% 35
\BOOKMARK [2][-]{subsection.0.6.1}{\376\377\000M\036\351\000c\000\040\001\021\036\331\000:\000\040\000C\000a\000o}{section.0.6}% 36
\BOOKMARK [2][-]{subsection.0.6.2}{\376\377\001\020\000i\036\303\000m\000\040\000C\000V\000S\000S\000:\000\040\0008\000.\0002\0000\000\040\000\050\000C\000V\000S\000S\000:\0003\000.\0001\000/\000A\000V\000:\000N\000/\000A\000C\000:\000L\000/\000P\000R\000:\000N\000/\000U\000I\000:\000N\000/\000S\000:\000U\000/\000C\000:\000H\000/\000I\000:\000L\000/\000A\000:\000N\000\051}{section.0.6}% 37
\BOOKMARK [2][-]{subsection.0.6.3}{\376\377\000M\000\364\000\040\000t\036\243\000:}{section.0.6}% 38
\BOOKMARK [2][-]{subsection.0.6.4}{\376\377\000T\000\341\000c\000\040\001\021\036\331\000n\000g\000:}{section.0.6}% 39
\BOOKMARK [2][-]{subsection.0.6.5}{\376\377\000T\000\341\000i\000\040\000h\000i\036\307\000n\000:}{section.0.6}% 40
\BOOKMARK [1][-]{section.0.7}{\376\377\000L\036\327\000\040\000h\036\325\000n\000g\000\040\000S\000Q\000L\000\040\000I\000n\000j\000e\000c\000t\000i\000o\000n}{}% 41
\BOOKMARK [2][-]{subsection.0.7.1}{\376\377\000M\036\351\000c\000\040\001\021\036\331\000:}{section.0.7}% 42
\BOOKMARK [2][-]{subsection.0.7.2}{\376\377\001\020\000i\036\303\000m\000\040\000C\000V\000S\000S\000:}{section.0.7}% 43
\BOOKMARK [2][-]{subsection.0.7.3}{\376\377\000M\000\364\000\040\000t\036\243\000:}{section.0.7}% 44
\BOOKMARK [2][-]{subsection.0.7.4}{\376\377\000T\000\341\000c\000\040\001\021\036\331\000n\000g\000:}{section.0.7}% 45
\BOOKMARK [2][-]{subsection.0.7.5}{\376\377\000T\000\341\000i\000\040\000h\000i\036\307\000n\000:}{section.0.7}% 46
\BOOKMARK [2][-]{subsection.0.7.6}{\376\377\000V\036\313\000\040\000t\000r\000\355\000:}{section.0.7}% 47
\BOOKMARK [2][-]{subsection.0.7.7}{\376\377\000P\000h\001\260\001\241\000n\000g\000\040\000\341\000n\000\040\000k\000h\036\257\000c\000\040\000p\000h\036\345\000c\000:}{section.0.7}% 48
\BOOKMARK [1][-]{section.0.8}{\376\377\000L\036\327\000\040\000h\036\325\000n\000g\000\040\000H\000T\000T\000P\000\040\000R\000e\000q\000u\000e\000s\000t\000\040\000s\000m\000u\000g\000g\000l\000i\000n\000g}{}% 49
\BOOKMARK [2][-]{subsection.0.8.1}{\376\377\000M\036\351\000c\000\040\001\021\036\331\000:}{section.0.8}% 50
\BOOKMARK [2][-]{subsection.0.8.2}{\376\377\001\020\000i\036\303\000m\000\040\000C\000V\000S\000S\000:}{section.0.8}% 51
\BOOKMARK [2][-]{subsection.0.8.3}{\376\377\000M\000\364\000\040\000t\036\243\000:}{section.0.8}% 52
\BOOKMARK [2][-]{subsection.0.8.4}{\376\377\000T\000\341\000c\000\040\001\021\036\331\000n\000g\000:}{section.0.8}% 53
\BOOKMARK [2][-]{subsection.0.8.5}{\376\377\000T\000\341\000i\000\040\000h\000i\036\307\000n\000:}{section.0.8}% 54
\BOOKMARK [2][-]{subsection.0.8.6}{\376\377\000V\036\313\000\040\000t\000r\000\355\000:}{section.0.8}% 55
\BOOKMARK [2][-]{subsection.0.8.7}{\376\377\000P\000h\001\260\001\241\000n\000g\000\040\000\341\000n\000\040\000k\000h\036\257\000c\000\040\000p\000h\036\345\000c\000:}{section.0.8}% 56
\BOOKMARK [1][-]{section.0.9}{\376\377\000H\036\327\000\040\000t\000r\036\343\000\040\000t\000h\000u\036\255\000t\000\040\000t\000o\000\341\000n\000\040\000m\000\343\000\040\000h\000\363\000a\000\040\000y\036\277\000u\000\040\000t\000r\000o\000n\000g\000\040\000T\000L\000S\000\040\0001\000.\0002}{}% 57
\BOOKMARK [2][-]{subsection.0.9.1}{\376\377\000M\036\351\000c\000\040\001\021\036\331\000:}{section.0.9}% 58
\BOOKMARK [2][-]{subsection.0.9.2}{\376\377\001\020\000i\036\303\000m\000\040\000C\000V\000S\000S\000:}{section.0.9}% 59
\BOOKMARK [2][-]{subsection.0.9.3}{\376\377\000M\000\364\000\040\000t\036\243\000:}{section.0.9}% 60
\BOOKMARK [2][-]{subsection.0.9.4}{\376\377\000T\000\341\000c\000\040\001\021\036\331\000n\000g\000:}{section.0.9}% 61
\BOOKMARK [2][-]{subsection.0.9.5}{\376\377\000T\000\341\000i\000\040\000h\000i\036\307\000n\000:}{section.0.9}% 62
\BOOKMARK [2][-]{subsection.0.9.6}{\376\377\000V\036\313\000\040\000t\000r\000\355\000:}{section.0.9}% 63
\BOOKMARK [2][-]{subsection.0.9.7}{\376\377\000P\000h\001\260\001\241\000n\000g\000\040\000\341\000n\000\040\000k\000h\036\257\000c\000\040\000p\000h\036\345\000c\000:}{section.0.9}% 64
\BOOKMARK [2][-]{subsection.0.9.8}{\376\377\000T\000h\000a\000m\000\040\000c\000h\000i\036\277\000u\000:}{section.0.9}% 65
